生成启动时间为 2016/3/3 14:26:32。
     1>项目“H:\BaiduYunDownload\1.Sony研究院实习\2014-10-09-DaiFeng\1.源程序\FaceMatch\FaceMatch\FaceMatch.vcxproj”在节点 2 上(build 个目标)。
     1>InitializeBuildStatus:
         正在对“Debug\FaceMatch.unsuccessfulbuild”执行 Touch 任务。
       ClCompile:
         所有输出均为最新。
       Link:
         C:\Program Files (x86)\Microsoft Visual Studio 10.0\VC\bin\link.exe /ERRORREPORT:PROMPT /OUT:"H:\BaiduYunDownload\1.Sony研究院实习\2014-10-09-DaiFeng\1.源程序\FaceMatch\Debug\FaceMatch.exe" /INCREMENTAL /NOLOGO libmx.lib libeng.lib libmat.lib libmex.lib opencv_videostab248.lib opencv_video248.lib opencv_ts248.lib opencv_superres248.lib opencv_stitching248.lib opencv_photo248.lib opencv_ocl248.lib opencv_objdetect248.lib opencv_nonfree248.lib opencv_ml248.lib opencv_legacy248.lib opencv_imgproc248.lib opencv_highgui248.lib opencv_gpu248.lib opencv_flann248.lib opencv_features2d248.lib opencv_core248.lib opencv_contrib248.lib opencv_calib3d248.lib kernel32.lib user32.lib gdi32.lib winspool.lib comdlg32.lib advapi32.lib shell32.lib ole32.lib oleaut32.lib uuid.lib odbc32.lib odbccp32.lib /MANIFEST /ManifestFile:"Debug\FaceMatch.exe.intermediate.manifest" /MANIFESTUAC:"level='asInvoker' uiAccess='false'" /DEBUG /PDB:"H:\BaiduYunDownload\1.Sony研究院实习\2014-10-09-DaiFeng\1.源程序\FaceMatch\Debug\FaceMatch.pdb" /SUBSYSTEM:CONSOLE /TLBID:1 /DYNAMICBASE /NXCOMPAT /IMPLIB:"H:\BaiduYunDownload\1.Sony研究院实习\2014-10-09-DaiFeng\1.源程序\FaceMatch\Debug\FaceMatch.lib" /MACHINE:X86 Debug\baseoperate.obj
         Debug\eye.obj
         Debug\eyebrow.obj
         Debug\mian.obj
         Debug\mouth.obj
         Debug\nose.obj
         Debug\picture.obj
         FaceMatch.vcxproj -> H:\BaiduYunDownload\1.Sony研究院实习\2014-10-09-DaiFeng\1.源程序\FaceMatch\Debug\FaceMatch.exe
       Manifest:
         C:\Program Files (x86)\Microsoft SDKs\Windows\v7.0A\bin\mt.exe /nologo /verbose /out:"H:\BaiduYunDownload\1.Sony研究院实习\2014-10-09-DaiFeng\1.源程序\FaceMatch\Debug\FaceMatch.exe.manifest" /manifest Debug\FaceMatch.exe.intermediate.manifest
       FinalizeBuildStatus:
         正在删除文件“Debug\FaceMatch.unsuccessfulbuild”。
         正在对“Debug\FaceMatch.lastbuildstate”执行 Touch 任务。
     1>已完成生成项目“H:\BaiduYunDownload\1.Sony研究院实习\2014-10-09-DaiFeng\1.源程序\FaceMatch\FaceMatch\FaceMatch.vcxproj”(build 个目标)的操作。

生成成功。

已用时间 00:00:00.76
